<?xml version="1.0" encoding="UTF-8" standalone="yes"?><!DOCTYPE report PUBLIC "-//JACOCO//DTD Report 1.1//EN" "report.dtd"><report name="roman-number"><sessioninfo id="DESKTOP-P67S7AH-fdb7b238" start="1746377149635" dump="1746377150150"/><sessioninfo id="DESKTOP-P67S7AH-9af48f66" start="1746377229655" dump="1746377230146"/><sessioninfo id="DESKTOP-P67S7AH-32248c18" start="1746377280834" dump="1746377281391"/><sessioninfo id="DESKTOP-P67S7AH-ffff66d1" start="1746377463256" dump="1746377463755"/><sessioninfo id="DESKTOP-P67S7AH-904a3ecd" start="1746377588356" dump="1746377588861"/><sessioninfo id="ubuntu-ba470ad6" start="1746379496011" dump="1746379496345"/><sessioninfo id="ubuntu-57db62c" start="1746379598969" dump="1746379599367"/><sessioninfo id="ubuntu-9042fe3" start="1746379956683" dump="1746379957009"/><sessioninfo id="ubuntu-20b818d0" start="1746379975914" dump="1746379976247"/><sessioninfo id="ubuntu-8d8f60dd" start="1746379993827" dump="1746379994242"/><sessioninfo id="ubuntu-55b5cb7d" start="1746380053050" dump="1746380053366"/><sessioninfo id="ubuntu-c4844fe" start="1746380087065" dump="1746380087421"/><sessioninfo id="ubuntu-24edbdb6" start="1746380131442" dump="1746380131771"/><sessioninfo id="ubuntu-c3525947" start="1746380143020" dump="1746380143403"/><sessioninfo id="ubuntu-d6edc9a1" start="1746380155376" dump="1746380155754"/><sessioninfo id="ubuntu-e6550823" start="1746380179842" dump="1746380180237"/><package name="it/unipd/mtss"><class name="it/unipd/mtss/App" sourcefilename="App.java"><method name="&lt;init&gt;" desc="()V" line="7"><counter type="INSTRUCTION" missed="3" covered="0"/><counter type="LINE" missed="1" covered="0"/><counter type="COMPLEXITY" missed="1" covered="0"/><counter type="METHOD" missed="1" covered="0"/></method><method name="main" desc="([Ljava/lang/String;)V" line="11"><counter type="INSTRUCTION" missed="4" covered="0"/><counter type="LINE" missed="2" covered="0"/><counter type="COMPLEXITY" missed="1" covered="0"/><counter type="METHOD" missed="1" covered="0"/></method><counter type="INSTRUCTION" missed="7" covered="0"/><counter type="LINE" missed="3" covered="0"/><counter type="COMPLEXITY" missed="2" covered="0"/><counter type="METHOD" missed="2" covered="0"/><counter type="CLASS" missed="1" covered="0"/></class><sourcefile name="App.java"><line nr="7" mi="3" ci="0" mb="0" cb="0"/><line nr="11" mi="3" ci="0" mb="0" cb="0"/><line nr="12" mi="1" ci="0" mb="0" cb="0"/><counter type="INSTRUCTION" missed="7" covered="0"/><counter type="LINE" missed="3" covered="0"/><counter type="COMPLEXITY" missed="2" covered="0"/><counter type="METHOD" missed="2" covered="0"/><counter type="CLASS" missed="1" covered="0"/></sourcefile><counter type="INSTRUCTION" missed="7" covered="0"/><counter type="LINE" missed="3" covered="0"/><counter type="COMPLEXITY" missed="2" covered="0"/><counter type="METHOD" missed="2" covered="0"/><counter type="CLASS" missed="1" covered="0"/></package><counter type="INSTRUCTION" missed="7" covered="0"/><counter type="LINE" missed="3" covered="0"/><counter type="COMPLEXITY" missed="2" covered="0"/><counter type="METHOD" missed="2" covered="0"/><counter type="CLASS" missed="1" covered="0"/></report>