-------------------------------------------------------------------------------
Test set: it.unipd.mtss.IntegerToRomanTest
-------------------------------------------------------------------------------
Tests run: 2, Failures: 1, Errors: 0, Skipped: 0, Time elapsed: 0.118 s <<< FAILURE! - in it.unipd.mtss.IntegerToRomanTest
testConvert(it.unipd.mtss.IntegerToRomanTest)  Time elapsed: 0.016 s  <<< FAILURE!
org.junit.ComparisonFailure: expected:<[XI]> but was:<[]>
	at it.unipd.mtss.IntegerToRomanTest.testConvert(IntegerToRomanTest.java:58)

