<?xml version="1.0" encoding="UTF-8"?>
<testsuite xmlns:xsi="http://www.w3.org/2001/XMLSchema-instance" xsi:noNamespaceSchemaLocation="https://maven.apache.org/surefire/maven-surefire-plugin/xsd/surefire-test-report.xsd" name="it.unipd.mtss.AppTest" time="0.115" tests="2" errors="2" skipped="0" failures="0">
  <properties>
[...]
</properties>
  <testcase name="initializationError" classname="it.unipd.mtss.AppTest" time="0.011">
    <error message="Method testComplexCombinations() should be public" type="java.lang.Exception">java.lang.Exception: Method testComplexCombinations() should be public
</error>
  </testcase>
  <testcase name="initializationError" classname="it.unipd.mtss.AppTest" time="0">
    <error message="Method testSingleCharacters() should be public" type="java.lang.Exception">java.lang.Exception: Method testSingleCharacters() should be public
</error>
  </testcase>
</testsuite>